Agent Group Id: 025000000000002
Agent Group Name: Informatica Cloud Hosted Agent
Agent Id: 00800000000004E
Task Name: Mapping2
Task Type: MTT_TEST
Task Id: 012D7U0Z000000000003
Run Id: 1
Service Id: 1257607
Started By: deepalithorat23@gmail.com
Run Context Type: ICS_UI
12/05/2023 06:38:46 **** Importing Connection: Conn_012D7U0B000000000002 ...
12/05/2023 06:38:46 **** Importing Source Definition: Cars ...
12/05/2023 06:38:46 **** Importing Target Definition: Max_Car_Prices ...
12/05/2023 06:38:46 **** Importing Target Definition: Cars ...
12/05/2023 06:38:46 **** Importing SessionConfig: default_session_config ...
    <Warning> :  The Error Log DB Connection value should have Relational: as the prefix.
    <Warning> :  Invalid value  for attribute Error Log DB Connection. Will use the default value 
    Validating Source Definition  Cars...
    Validating Target Definition  Cars...
    Validating Target Definition  Max_Car_Prices...
12/05/2023 06:38:46 **** Importing Mapping: Mapping0 ...
    <Warning> :  transformation: Source - Invalid value  for attribute Output is repeatable. Will use the default value Never    [transformation< Source > ] 
Validating transformations of mapping Mapping0...
Validating mapping variable(s).
12/05/2023 06:38:46 **** Importing Workflow: wf_mtt_012D7U0Z000000000003 ...
    <Warning> :  Invalid value None for attribute Pushdown Optimization Context. Will use the default value None     [Session< s_mtt_012D7U0Z000000000003 > ] 
    <Warning> :  The value entered is not a valid integer.
    <Warning> :  Invalid value NO for attribute Fail task after wait time. Will use the default value 
Successfully extracted session instance [s_mtt_012D7U0Z000000000003].  Starting repository sequence id is [-13574556]
DIRECTOR> VAR_27085 [2023-12-05 06:38:46.499] Parameter file [/data2/home/cldagnt/SystemAgent/apps/Data_Integration_Server/data/012D7U0E0000000000GP/012D7U/parameters/s_mtt_012D7U0Z000000000003.param] is opened for [session [wf_mtt_012D7U0Z000000000003.s_mtt_012D7U0Z000000000003]].
DIRECTOR> VAR_27062 [2023-12-05 06:38:46.499] Warning! Cannot find section for worklet [wf_mtt_012D7U0Z000000000003] and folder [] in parameter file [/data2/home/cldagnt/SystemAgent/apps/Data_Integration_Server/data/012D7U0E0000000000GP/012D7U/parameters/s_mtt_012D7U0Z000000000003.param].
DIRECTOR> TM_6014 [2023-12-05 06:38:46.500] Initializing session [s_mtt_012D7U0Z000000000003] at [Tue Dec 05 06:38:46 2023].
DIRECTOR> TM_6683 [2023-12-05 06:38:46.500] Repository Name: [XMLRepository]
DIRECTOR> TM_6684 [2023-12-05 06:38:46.500] Server Name: [rDTM]
DIRECTOR> TM_6686 [2023-12-05 06:38:46.500] Folder: []
DIRECTOR> TM_6685 [2023-12-05 06:38:46.500] Workflow: [wf_mtt_012D7U0Z000000000003] Run Instance Name: [] Run Id: [0]
DIRECTOR> TM_6992 [2023-12-05 06:38:46.500] Operating System Type [Linux]
DIRECTOR> TM_6101 [2023-12-05 06:38:46.500] Mapping name: Mapping0.
DIRECTOR> TM_6964 [2023-12-05 06:38:46.500] Date format for the Session is [MM/DD/YYYY HH24:MI:SS.US]
DIRECTOR> TM_6703 [2023-12-05 06:38:46.500] Session [s_mtt_012D7U0Z000000000003] is run by 64-bit Integration Service  [], version [10.2.0 HotFix2], build [0320].
MANAGER> PETL_24091 [2023-12-05 06:38:46.511] Thread [MANAGER] has the ID [1].
MANAGER> PETL_24058 [2023-12-05 06:38:46.511] Running Partition Group [1].
MANAGER> PETL_24000 [2023-12-05 06:38:46.511] Parallel Pipeline Engine initializing.
MONITOR> PETL_24091 [2023-12-05 06:38:46.511] Thread [MONITOR] has the ID [2].
MANAGER> PETL_24001 [2023-12-05 06:38:46.512] Parallel Pipeline Engine running.
MANAGER> PETL_24003 [2023-12-05 06:38:46.512] Initializing session run.
MAPPING> PETL_24091 [2023-12-05 06:38:46.512] Thread [MAPPING] has the ID [3].
MAPPING> CMN_1569 [2023-12-05 06:38:46.514] Server Mode: [UNICODE]
MAPPING> CMN_1570 [2023-12-05 06:38:46.514] Server Code page: [ISO 8859-1 Western European]
MAPPING> TM_6151 [2023-12-05 06:38:46.514] The session sort order is [Binary].
MAPPING> TM_6185 [2023-12-05 06:38:46.514] Warning. Code page validation is disabled in this session.
MAPPING> CMN_65110 [2023-12-05 06:38:46.514] Current Timezone:[UTC -5:0]
MAPPING> CMN_65111 [2023-12-05 06:38:46.514] Current Process ID:[7418]
MAPPING> TM_6155 [2023-12-05 06:38:46.514] Using HIGH precision processing.
MAPPING> TM_6180 [2023-12-05 06:38:46.514] Deadlock retry logic will not be implemented.
MAPPING> TM_6187 [2023-12-05 06:38:46.514] Session target-based commit interval is [10000].
MAPPING> TM_6307 [2023-12-05 06:38:46.515] DTM error log disabled. 
MAPPING> TE_7022 [2023-12-05 06:38:46.515] TShmWriter: Initialized
MAPPING> DBG_21694 [2023-12-05 06:38:46.517] Aggregator Partition [0]: Index cache size = [1000000], Data cache size = [2000000]
MAPPING> TE_7212 [2023-12-05 06:38:46.517] Increasing [Index Cache] size for transformation [Aggregator] from [1000000] to [3586048].
MAPPING> TE_7212 [2023-12-05 06:38:46.517] Increasing [Data Cache] size for transformation [Aggregator] from [2000000] to [2097368].
MAPPING> TE_7029 [2023-12-05 06:38:46.517] Aggregate Information: Creating New Index and Data Files
MAPPING> TE_7034 [2023-12-05 06:38:46.517] Aggregate Information: Index file is [/data2/home/cldagnt/SystemAgent/apps/Data_Integration_Server/data/012D7U0E0000000000GP/012D7U/cache/PMAGG-13574514_5_0.idx]
MAPPING> TE_7035 [2023-12-05 06:38:46.517] Aggregate Information: Data file is [/data2/home/cldagnt/SystemAgent/apps/Data_Integration_Server/data/012D7U0E0000000000GP/012D7U/cache/PMAGG-13574514_5_0.dat]
MAPPING> DBG_21694 [2023-12-05 06:38:46.518] Aggregator1 Partition [0]: Index cache size = [1000000], Data cache size = [2000000]
MAPPING> TE_7212 [2023-12-05 06:38:46.518] Increasing [Index Cache] size for transformation [Aggregator1] from [1000000] to [3586048].
MAPPING> TE_7212 [2023-12-05 06:38:46.518] Increasing [Data Cache] size for transformation [Aggregator1] from [2000000] to [2097368].
MAPPING> TE_7029 [2023-12-05 06:38:46.518] Aggregate Information: Creating New Index and Data Files
MAPPING> TE_7034 [2023-12-05 06:38:46.518] Aggregate Information: Index file is [/data2/home/cldagnt/SystemAgent/apps/Data_Integration_Server/data/012D7U0E0000000000GP/012D7U/cache/PMAGG-13574514_6_0.idx]
MAPPING> TE_7035 [2023-12-05 06:38:46.518] Aggregate Information: Data file is [/data2/home/cldagnt/SystemAgent/apps/Data_Integration_Server/data/012D7U0E0000000000GP/012D7U/cache/PMAGG-13574514_6_0.dat]
MAPPING> TM_6007 [2023-12-05 06:38:46.519] DTM initialized successfully for session [s_mtt_012D7U0Z000000000003]
DIRECTOR> PETL_24033 [2023-12-05 06:38:46.539] All DTM Connection Info: [<NONE>].
MANAGER> PETL_24004 [2023-12-05 06:38:46.539] Starting pre-session tasks. : (Tue Dec 05 06:38:46 2023)
PRE-SESS> PETL_24091 [2023-12-05 06:38:46.540] Thread [PRE-SESS] has the ID [4].
MANAGER> PETL_24027 [2023-12-05 06:38:46.541] Pre-session task completed successfully. : (Tue Dec 05 06:38:46 2023)
DIRECTOR> PETL_24006 [2023-12-05 06:38:46.541] Starting data movement.
MAPPING> TM_6660 [2023-12-05 06:38:46.541] Total Buffer Pool size is 4419040 bytes and Block size is 155680 bytes.
READER_1_1_1> PETL_24091 [2023-12-05 06:38:46.542] Thread [READER_1_1_1] has the ID [5].
READER_1_1_1> DBG_21438 [2023-12-05 06:38:46.543] Reader: Source is [odbc://dbtype=MySQL;host=db4free.net;port=3306;database=fstm4db], Type [ODBC], User [fstm4db]
READER_1_1_1> BLKR_16051 [2023-12-05 06:38:46.545] Source database connection [Conn_012D7U0B000000000002] code page: [MS Windows Latin 1 (ANSI), superset of Latin1]
READER_1_1_1> CMN_1021 [2023-12-05 06:38:46.545] Database driver event...
CMN_1021 [Driver Manager used is [UnixODBC 2.3.4].]

READER_1_1_1> CMN_1021 [2023-12-05 06:38:57.204] Database driver event...
CMN_1021 [ODBC Event Using array fetches.
ODBC Event Using Single Row Inserts. connect string = [Driver=MySQL ODBC 8.0 Unicode Driver;Server=db4free.net;Database=fstm4db;Port=3306;USER=fstm4db;NO_SSPS=1;stmt=set time_zone = '+00:00';OPTION=3;SSLMODE=DISABLED]. userid = [fstm4db]
ODBC Version:	03.52
.
DBMS Name:	MySQL
.
DBMS Version:	8.2.0
.
Driver Name:	libmyodbc8w.so
.
Driver Version:	08.00.0012
.
Driver ODBC Version:	03.80
.
MySQL rewrite batch optimization is disabled with maximum bind parameter size set to 2500.]

READER_1_1_1> BLKR_16003 [2023-12-05 06:38:57.204] Initialization completed successfully.
TRANSF_1_1_1> PETL_24091 [2023-12-05 06:38:57.205] Thread [TRANSF_1_1_1] has the ID [6].
WRITER_1_*_1> PETL_24091 [2023-12-05 06:38:57.205] Thread [WRITER_1_*_1] has the ID [7].
WRITER_1_*_1> WRT_8147 [2023-12-05 06:38:57.205] Writer: Target is Database [odbc://dbtype=MySQL;host=db4free.net;port=3306;database=fstm4db], Type [ODBC], User [fstm4db], Bulk Mode [OFF]
WRITER_1_*_1> CMN_1021 [2023-12-05 06:38:57.206] Database driver event...
CMN_1021 [Driver Manager used is [UnixODBC 2.3.4].]

WRITER_1_*_1> CMN_1021 [2023-12-05 06:38:59.862] Database driver event...
CMN_1021 [ODBC Event Using array fetches.
ODBC Event Using Single Row Inserts. connect string = [Driver=MySQL ODBC 8.0 Unicode Driver;Server=db4free.net;Database=fstm4db;Port=3306;USER=fstm4db;NO_SSPS=1;stmt=set time_zone = '+00:00';OPTION=3;SSLMODE=DISABLED]. userid = [fstm4db]
ODBC Version:	03.52
.
DBMS Name:	MySQL
.
DBMS Version:	8.2.0
.
Driver Name:	libmyodbc8w.so
.
Driver Version:	08.00.0012
.
Driver ODBC Version:	03.80
.
MySQL rewrite batch optimization is disabled with maximum bind parameter size set to 2500.]

WRITER_1_*_1> WRT_8221 [2023-12-05 06:39:00.452] Target database connection [Conn_012D7U0B000000000002] code page: [MS Windows Latin 1 (ANSI), superset of Latin1]
WRITER_1_*_1> WRT_8124 [2023-12-05 06:39:00.453] Target Table Max_Car_Prices :SQL INSERT statement:
INSERT INTO fstm4db.Max_Car_Prices(Car_ID,Car_Name,Car_Country,Car_Price)  VALUES ( ?, ?, ?, ?) 
WRITER_1_*_1> WRT_8020 [2023-12-05 06:39:00.453] No column marked as primary key for table [Max_Car_Prices]. UPDATEs Not Supported.
WRITER_1_*_1> WRT_8147 [2023-12-05 06:39:00.453] Writer: Target is Database [odbc://dbtype=MySQL;host=db4free.net;port=3306;database=fstm4db], Type [ODBC], User [fstm4db], Bulk Mode [OFF]
WRITER_1_*_1> WRT_8124 [2023-12-05 06:39:00.454] Target Table Cars :SQL INSERT statement:
INSERT INTO fstm4db.Cars(Car_ID,Car_Name,Car_Country,Car_Price)  VALUES ( ?, ?, ?, ?) 
WRITER_1_*_1> WRT_8124 [2023-12-05 06:39:00.454] Target Table Cars :SQL UPDATE statement:
UPDATE fstm4db.Cars SET Car_Name = ?, Car_Country = ?, Car_Price = ? WHERE Car_ID = ?
WRITER_1_*_1> WRT_8124 [2023-12-05 06:39:00.454] Target Table Cars :SQL DELETE statement:
DELETE FROM fstm4db.Cars WHERE Car_ID = ?
WRITER_1_*_1> WRT_8270 [2023-12-05 06:39:00.454] Target connection group #1 consists of target(s) [Max_Car_Prices, Cars]
WRITER_1_*_1> WRT_8003 [2023-12-05 06:39:00.454] Writer initialization complete.
READER_1_1_1> BLKR_16007 [2023-12-05 06:39:00.454] Reader run started.
WRITER_1_*_1> WRT_8005 [2023-12-05 06:39:00.454] Writer run started.
WRITER_1_*_1> WRT_8158 [2023-12-05 06:39:00.454] 

*****START LOAD SESSION*****

Load Start Time: Tue Dec 05 06:38:59 2023

Target tables:

     Max_Car_Prices
     Cars


READER_1_1_1> RR_4010 [2023-12-05 06:39:00.455] SQ instance [Source] SQL Query [SELECT fstm4db.Cars.Car_ID, fstm4db.Cars.Car_Name, fstm4db.Cars.Car_Country, fstm4db.Cars.Car_Price FROM fstm4db.Cars]
READER_1_1_1> RR_4049 [2023-12-05 06:39:00.455] SQL Query issued to database : (Tue Dec 05 06:39:00 2023)
READER_1_1_1> RR_4050 [2023-12-05 06:39:00.785] First row returned from database to reader : (Tue Dec 05 06:39:00 2023)
READER_1_1_1> BLKR_16019 [2023-12-05 06:39:00.785] Read [100] rows, read [0] error rows for source table [Cars] instance name [Cars]
READER_1_1_1> BLKR_16008 [2023-12-05 06:39:00.786] Reader run completed.
TRANSF_1_1_1> TE_7032 [2023-12-05 06:39:00.796] The B-Tree being managed in files
/data2/home/cldagnt/SystemAgent/apps/Data_Integration_Server/data/012D7U0E0000000000GP/012D7U/cache/PMAGG-13574514_5_0.dat for Data and

/data2/home/cldagnt/SystemAgent/apps/Data_Integration_Server/data/012D7U0E0000000000GP/012D7U/cache/PMAGG-13574514_5_0.idx for Index has:
	Index Size:	515
	Row Size:	240
	Order:		100
	Minimum Order:	50
	Height:		1
	Entries:	20
	IndexPageSize:	52736
	IndexPages:	68
	DataPageSize:	728
	DataPages:	2881

WRITER_1_*_1> WRT_8167 [2023-12-05 06:39:00.796] Start loading table [Max_Car_Prices] at: Tue Dec 05 06:39:00 2023
TRANSF_1_1_1> TE_7032 [2023-12-05 06:39:00.797] The B-Tree being managed in files
/data2/home/cldagnt/SystemAgent/apps/Data_Integration_Server/data/012D7U0E0000000000GP/012D7U/cache/PMAGG-13574514_6_0.dat for Data and

/data2/home/cldagnt/SystemAgent/apps/Data_Integration_Server/data/012D7U0E0000000000GP/012D7U/cache/PMAGG-13574514_6_0.idx for Index has:
	Index Size:	515
	Row Size:	240
	Order:		100
	Minimum Order:	50
	Height:		1
	Entries:	20
	IndexPageSize:	52736
	IndexPages:	68
	DataPageSize:	728
	DataPages:	2881

TRANSF_1_1_1> DBG_21216 [2023-12-05 06:39:00.797] Finished transformations for Source Qualifier [Source]. Total errors [0] 
WRITER_1_*_1> WRT_8167 [2023-12-05 06:39:07.650] Start loading table [Cars] at: Tue Dec 05 06:39:07 2023
WRITER_1_*_1> CMN_1761 [2023-12-05 06:39:07.952] Timestamp Event: [Tue Dec 05 06:39:07 2023]
WRITER_1_*_1> WRT_8229 [2023-12-05 06:39:07.952] Database errors occurred: 
FnName: Execute -- [MySQL][ODBC 8.0(w) Driver][mysqld-8.2.0]Duplicate entry '87' for key 'Cars.PRIMARY'
WRITER_1_*_1> CMN_1761 [2023-12-05 06:39:07.952] Timestamp Event: [Tue Dec 05 06:39:07 2023]
WRITER_1_*_1> WRT_8425 [2023-12-05 06:39:07.952] ERROR: Writer execution failed.
WRITER_1_*_1> CMN_1761 [2023-12-05 06:39:07.952] Timestamp Event: [Tue Dec 05 06:39:07 2023]
WRITER_1_*_1> WRT_8114 [2023-12-05 06:39:07.952] 
Row # [1] in bad file

WRITER_1_*_1> CMN_1053 [2023-12-05 06:39:07.952] : Rowdata: ( RowType=0(insert) Src Rowid=1 Targ Rowid=1
  Car_ID (Car_ID:Int:): "87"
  Car_Name (Car_Name:UniChar.255:): "Audi"
  Car_Country (Car_Country:UniChar.100:): "Kenya"
  Car_Price (Car_Price:BigInt:): "39291813"
)

WRITER_1_*_1> CMN_1761 [2023-12-05 06:39:08.247] Timestamp Event: [Tue Dec 05 06:39:08 2023]
WRITER_1_*_1> WRT_8229 [2023-12-05 06:39:08.247] Database errors occurred: 
FnName: Execute -- [MySQL][ODBC 8.0(w) Driver][mysqld-8.2.0]Duplicate entry '91' for key 'Cars.PRIMARY'
WRITER_1_*_1> CMN_1761 [2023-12-05 06:39:08.247] Timestamp Event: [Tue Dec 05 06:39:08 2023]
WRITER_1_*_1> WRT_8425 [2023-12-05 06:39:08.247] ERROR: Writer execution failed.
WRITER_1_*_1> CMN_1761 [2023-12-05 06:39:08.247] Timestamp Event: [Tue Dec 05 06:39:08 2023]
WRITER_1_*_1> WRT_8114 [2023-12-05 06:39:08.247] 
Row # [2] in bad file

WRITER_1_*_1> CMN_1053 [2023-12-05 06:39:08.247] : Rowdata: ( RowType=0(insert) Src Rowid=2 Targ Rowid=2
  Car_ID (Car_ID:Int:): "91"
  Car_Name (Car_Name:UniChar.255:): "BMW"
  Car_Country (Car_Country:UniChar.100:): "Mexico"
  Car_Price (Car_Price:BigInt:): "81310877"
)

WRITER_1_*_1> CMN_1761 [2023-12-05 06:39:08.727] Timestamp Event: [Tue Dec 05 06:39:08 2023]
WRITER_1_*_1> WRT_8229 [2023-12-05 06:39:08.727] Database errors occurred: 
FnName: Execute -- [MySQL][ODBC 8.0(w) Driver][mysqld-8.2.0]Duplicate entry '88' for key 'Cars.PRIMARY'
WRITER_1_*_1> CMN_1761 [2023-12-05 06:39:08.727] Timestamp Event: [Tue Dec 05 06:39:08 2023]
WRITER_1_*_1> WRT_8425 [2023-12-05 06:39:08.727] ERROR: Writer execution failed.
WRITER_1_*_1> CMN_1761 [2023-12-05 06:39:08.727] Timestamp Event: [Tue Dec 05 06:39:08 2023]
WRITER_1_*_1> WRT_8114 [2023-12-05 06:39:08.727] 
Row # [3] in bad file

WRITER_1_*_1> CMN_1053 [2023-12-05 06:39:08.727] : Rowdata: ( RowType=0(insert) Src Rowid=3 Targ Rowid=3
  Car_ID (Car_ID:Int:): "88"
  Car_Name (Car_Name:UniChar.255:): "Chevrolet"
  Car_Country (Car_Country:UniChar.100:): "Czech Republic"
  Car_Price (Car_Price:BigInt:): "87263121"
)

WRITER_1_*_1> CMN_1761 [2023-12-05 06:39:09.022] Timestamp Event: [Tue Dec 05 06:39:09 2023]
WRITER_1_*_1> WRT_8229 [2023-12-05 06:39:09.022] Database errors occurred: 
FnName: Execute -- [MySQL][ODBC 8.0(w) Driver][mysqld-8.2.0]Duplicate entry '99' for key 'Cars.PRIMARY'
WRITER_1_*_1> CMN_1761 [2023-12-05 06:39:09.022] Timestamp Event: [Tue Dec 05 06:39:09 2023]
WRITER_1_*_1> WRT_8425 [2023-12-05 06:39:09.022] ERROR: Writer execution failed.
WRITER_1_*_1> CMN_1761 [2023-12-05 06:39:09.022] Timestamp Event: [Tue Dec 05 06:39:09 2023]
WRITER_1_*_1> WRT_8114 [2023-12-05 06:39:09.022] 
Row # [4] in bad file

WRITER_1_*_1> CMN_1053 [2023-12-05 06:39:09.022] : Rowdata: ( RowType=0(insert) Src Rowid=4 Targ Rowid=4
  Car_ID (Car_ID:Int:): "99"
  Car_Name (Car_Name:UniChar.255:): "Fiat"
  Car_Country (Car_Country:UniChar.100:): "Slovakia"
  Car_Price (Car_Price:BigInt:): "44092863"
)

WRITER_1_*_1> CMN_1761 [2023-12-05 06:39:09.317] Timestamp Event: [Tue Dec 05 06:39:09 2023]
WRITER_1_*_1> WRT_8229 [2023-12-05 06:39:09.317] Database errors occurred: 
FnName: Execute -- [MySQL][ODBC 8.0(w) Driver][mysqld-8.2.0]Duplicate entry '78' for key 'Cars.PRIMARY'
WRITER_1_*_1> CMN_1761 [2023-12-05 06:39:09.317] Timestamp Event: [Tue Dec 05 06:39:09 2023]
WRITER_1_*_1> WRT_8425 [2023-12-05 06:39:09.317] ERROR: Writer execution failed.
WRITER_1_*_1> CMN_1761 [2023-12-05 06:39:09.317] Timestamp Event: [Tue Dec 05 06:39:09 2023]
WRITER_1_*_1> WRT_8114 [2023-12-05 06:39:09.317] 
Row # [5] in bad file

WRITER_1_*_1> CMN_1053 [2023-12-05 06:39:09.317] : Rowdata: ( RowType=0(insert) Src Rowid=5 Targ Rowid=5
  Car_ID (Car_ID:Int:): "78"
  Car_Name (Car_Name:UniChar.255:): "Ford"
  Car_Country (Car_Country:UniChar.100:): "Uruguay"
  Car_Price (Car_Price:BigInt:): "41917624"
)

WRITER_1_*_1> CMN_1761 [2023-12-05 06:39:09.612] Timestamp Event: [Tue Dec 05 06:39:09 2023]
WRITER_1_*_1> WRT_8229 [2023-12-05 06:39:09.612] Database errors occurred: 
FnName: Execute -- [MySQL][ODBC 8.0(w) Driver][mysqld-8.2.0]Duplicate entry '75' for key 'Cars.PRIMARY'
WRITER_1_*_1> CMN_1761 [2023-12-05 06:39:09.612] Timestamp Event: [Tue Dec 05 06:39:09 2023]
WRITER_1_*_1> WRT_8425 [2023-12-05 06:39:09.612] ERROR: Writer execution failed.
WRITER_1_*_1> CMN_1761 [2023-12-05 06:39:09.612] Timestamp Event: [Tue Dec 05 06:39:09 2023]
WRITER_1_*_1> WRT_8114 [2023-12-05 06:39:09.612] 
Row # [6] in bad file

WRITER_1_*_1> CMN_1053 [2023-12-05 06:39:09.612] : Rowdata: ( RowType=0(insert) Src Rowid=6 Targ Rowid=6
  Car_ID (Car_ID:Int:): "75"
  Car_Name (Car_Name:UniChar.255:): "General Motors"
  Car_Country (Car_Country:UniChar.100:): "Wallis and Futuna"
  Car_Price (Car_Price:BigInt:): "94594830"
)

WRITER_1_*_1> CMN_1761 [2023-12-05 06:39:10.169] Timestamp Event: [Tue Dec 05 06:39:10 2023]
WRITER_1_*_1> WRT_8229 [2023-12-05 06:39:10.169] Database errors occurred: 
FnName: Execute -- [MySQL][ODBC 8.0(w) Driver][mysqld-8.2.0]Duplicate entry '83' for key 'Cars.PRIMARY'
WRITER_1_*_1> CMN_1761 [2023-12-05 06:39:10.169] Timestamp Event: [Tue Dec 05 06:39:10 2023]
WRITER_1_*_1> WRT_8425 [2023-12-05 06:39:10.169] ERROR: Writer execution failed.
WRITER_1_*_1> CMN_1761 [2023-12-05 06:39:10.169] Timestamp Event: [Tue Dec 05 06:39:10 2023]
WRITER_1_*_1> WRT_8114 [2023-12-05 06:39:10.169] 
Row # [7] in bad file

WRITER_1_*_1> CMN_1053 [2023-12-05 06:39:10.169] : Rowdata: ( RowType=0(insert) Src Rowid=7 Targ Rowid=7
  Car_ID (Car_ID:Int:): "83"
  Car_Name (Car_Name:UniChar.255:): "Honda"
  Car_Country (Car_Country:UniChar.100:): "Sint Maarten"
  Car_Price (Car_Price:BigInt:): "48582607"
)

WRITER_1_*_1> CMN_1761 [2023-12-05 06:39:10.464] Timestamp Event: [Tue Dec 05 06:39:10 2023]
WRITER_1_*_1> WRT_8229 [2023-12-05 06:39:10.464] Database errors occurred: 
FnName: Execute -- [MySQL][ODBC 8.0(w) Driver][mysqld-8.2.0]Duplicate entry '84' for key 'Cars.PRIMARY'
WRITER_1_*_1> CMN_1761 [2023-12-05 06:39:10.464] Timestamp Event: [Tue Dec 05 06:39:10 2023]
WRITER_1_*_1> WRT_8425 [2023-12-05 06:39:10.464] ERROR: Writer execution failed.
WRITER_1_*_1> CMN_1761 [2023-12-05 06:39:10.464] Timestamp Event: [Tue Dec 05 06:39:10 2023]
WRITER_1_*_1> WRT_8114 [2023-12-05 06:39:10.464] 
Row # [8] in bad file

WRITER_1_*_1> CMN_1053 [2023-12-05 06:39:10.464] : Rowdata: ( RowType=0(insert) Src Rowid=8 Targ Rowid=8
  Car_ID (Car_ID:Int:): "84"
  Car_Name (Car_Name:UniChar.255:): "Hyundai Motors"
  Car_Country (Car_Country:UniChar.100:): "Puerto Rico"
  Car_Price (Car_Price:BigInt:): "3204756"
)

WRITER_1_*_1> CMN_1761 [2023-12-05 06:39:10.759] Timestamp Event: [Tue Dec 05 06:39:10 2023]
WRITER_1_*_1> WRT_8229 [2023-12-05 06:39:10.759] Database errors occurred: 
FnName: Execute -- [MySQL][ODBC 8.0(w) Driver][mysqld-8.2.0]Duplicate entry '97' for key 'Cars.PRIMARY'
WRITER_1_*_1> CMN_1761 [2023-12-05 06:39:10.759] Timestamp Event: [Tue Dec 05 06:39:10 2023]
WRITER_1_*_1> WRT_8425 [2023-12-05 06:39:10.759] ERROR: Writer execution failed.
WRITER_1_*_1> CMN_1761 [2023-12-05 06:39:10.759] Timestamp Event: [Tue Dec 05 06:39:10 2023]
WRITER_1_*_1> WRT_8114 [2023-12-05 06:39:10.759] 
Row # [9] in bad file

WRITER_1_*_1> CMN_1053 [2023-12-05 06:39:10.759] : Rowdata: ( RowType=0(insert) Src Rowid=9 Targ Rowid=9
  Car_ID (Car_ID:Int:): "97"
  Car_Name (Car_Name:UniChar.255:): "Kia Motors"
  Car_Country (Car_Country:UniChar.100:): "Brazil"
  Car_Price (Car_Price:BigInt:): "70555601"
)

WRITER_1_*_1> CMN_1761 [2023-12-05 06:39:11.054] Timestamp Event: [Tue Dec 05 06:39:11 2023]
WRITER_1_*_1> WRT_8229 [2023-12-05 06:39:11.054] Database errors occurred: 
FnName: Execute -- [MySQL][ODBC 8.0(w) Driver][mysqld-8.2.0]Duplicate entry '96' for key 'Cars.PRIMARY'
WRITER_1_*_1> CMN_1761 [2023-12-05 06:39:11.054] Timestamp Event: [Tue Dec 05 06:39:11 2023]
WRITER_1_*_1> WRT_8425 [2023-12-05 06:39:11.054] ERROR: Writer execution failed.
WRITER_1_*_1> CMN_1761 [2023-12-05 06:39:11.054] Timestamp Event: [Tue Dec 05 06:39:11 2023]
WRITER_1_*_1> WRT_8114 [2023-12-05 06:39:11.054] 
Row # [10] in bad file

WRITER_1_*_1> CMN_1053 [2023-12-05 06:39:11.054] : Rowdata: ( RowType=0(insert) Src Rowid=10 Targ Rowid=10
  Car_ID (Car_ID:Int:): "96"
  Car_Name (Car_Name:UniChar.255:): "Mahindra and Mahindra"
  Car_Country (Car_Country:UniChar.100:): "Marshall Islands"
  Car_Price (Car_Price:BigInt:): "57643410"
)

WRITER_1_*_1> CMN_1761 [2023-12-05 06:39:11.349] Timestamp Event: [Tue Dec 05 06:39:11 2023]
WRITER_1_*_1> WRT_8229 [2023-12-05 06:39:11.349] Database errors occurred: 
FnName: Execute -- [MySQL][ODBC 8.0(w) Driver][mysqld-8.2.0]Duplicate entry '5' for key 'Cars.PRIMARY'
WRITER_1_*_1> CMN_1761 [2023-12-05 06:39:11.349] Timestamp Event: [Tue Dec 05 06:39:11 2023]
WRITER_1_*_1> WRT_8425 [2023-12-05 06:39:11.349] ERROR: Writer execution failed.
WRITER_1_*_1> CMN_1761 [2023-12-05 06:39:11.349] Timestamp Event: [Tue Dec 05 06:39:11 2023]
WRITER_1_*_1> WRT_8114 [2023-12-05 06:39:11.349] 
Row # [11] in bad file

WRITER_1_*_1> CMN_1053 [2023-12-05 06:39:11.349] : Rowdata: ( RowType=0(insert) Src Rowid=11 Targ Rowid=11
  Car_ID (Car_ID:Int:): "5"
  Car_Name (Car_Name:UniChar.255:): "Maruti Suzuki"
  Car_Country (Car_Country:UniChar.100:): "Nigeria"
  Car_Price (Car_Price:BigInt:): "25887681"
)

WRITER_1_*_1> CMN_1761 [2023-12-05 06:39:11.644] Timestamp Event: [Tue Dec 05 06:39:11 2023]
WRITER_1_*_1> WRT_8229 [2023-12-05 06:39:11.644] Database errors occurred: 
FnName: Execute -- [MySQL][ODBC 8.0(w) Driver][mysqld-8.2.0]Duplicate entry '82' for key 'Cars.PRIMARY'
WRITER_1_*_1> CMN_1761 [2023-12-05 06:39:11.645] Timestamp Event: [Tue Dec 05 06:39:11 2023]
WRITER_1_*_1> WRT_8425 [2023-12-05 06:39:11.645] ERROR: Writer execution failed.
WRITER_1_*_1> CMN_1761 [2023-12-05 06:39:11.645] Timestamp Event: [Tue Dec 05 06:39:11 2023]
WRITER_1_*_1> WRT_8114 [2023-12-05 06:39:11.645] 
Row # [12] in bad file

WRITER_1_*_1> CMN_1053 [2023-12-05 06:39:11.645] : Rowdata: ( RowType=0(insert) Src Rowid=12 Targ Rowid=12
  Car_ID (Car_ID:Int:): "82"
  Car_Name (Car_Name:UniChar.255:): "Mercedes-Benz"
  Car_Country (Car_Country:UniChar.100:): "Cook Islands"
  Car_Price (Car_Price:BigInt:): "30876228"
)

WRITER_1_*_1> CMN_1761 [2023-12-05 06:39:11.940] Timestamp Event: [Tue Dec 05 06:39:11 2023]
WRITER_1_*_1> WRT_8229 [2023-12-05 06:39:11.940] Database errors occurred: 
FnName: Execute -- [MySQL][ODBC 8.0(w) Driver][mysqld-8.2.0]Duplicate entry '90' for key 'Cars.PRIMARY'
WRITER_1_*_1> CMN_1761 [2023-12-05 06:39:11.940] Timestamp Event: [Tue Dec 05 06:39:11 2023]
WRITER_1_*_1> WRT_8425 [2023-12-05 06:39:11.940] ERROR: Writer execution failed.
WRITER_1_*_1> CMN_1761 [2023-12-05 06:39:11.940] Timestamp Event: [Tue Dec 05 06:39:11 2023]
WRITER_1_*_1> WRT_8114 [2023-12-05 06:39:11.940] 
Row # [13] in bad file

WRITER_1_*_1> CMN_1053 [2023-12-05 06:39:11.940] : Rowdata: ( RowType=0(insert) Src Rowid=13 Targ Rowid=13
  Car_ID (Car_ID:Int:): "90"
  Car_Name (Car_Name:UniChar.255:): "Mitsubishi Motors"
  Car_Country (Car_Country:UniChar.100:): "Austria"
  Car_Price (Car_Price:BigInt:): "28139229"
)

WRITER_1_*_1> CMN_1761 [2023-12-05 06:39:12.235] Timestamp Event: [Tue Dec 05 06:39:12 2023]
WRITER_1_*_1> WRT_8229 [2023-12-05 06:39:12.235] Database errors occurred: 
FnName: Execute -- [MySQL][ODBC 8.0(w) Driver][mysqld-8.2.0]Duplicate entry '71' for key 'Cars.PRIMARY'
WRITER_1_*_1> CMN_1761 [2023-12-05 06:39:12.235] Timestamp Event: [Tue Dec 05 06:39:12 2023]
WRITER_1_*_1> WRT_8425 [2023-12-05 06:39:12.235] ERROR: Writer execution failed.
WRITER_1_*_1> CMN_1761 [2023-12-05 06:39:12.235] Timestamp Event: [Tue Dec 05 06:39:12 2023]
WRITER_1_*_1> WRT_8114 [2023-12-05 06:39:12.235] 
Row # [14] in bad file

WRITER_1_*_1> CMN_1053 [2023-12-05 06:39:12.235] : Rowdata: ( RowType=0(insert) Src Rowid=14 Targ Rowid=14
  Car_ID (Car_ID:Int:): "71"
  Car_Name (Car_Name:UniChar.255:): "Nissan"
  Car_Country (Car_Country:UniChar.100:): "Congo (Brazzaville)"
  Car_Price (Car_Price:BigInt:): "73403936"
)

WRITER_1_*_1> CMN_1761 [2023-12-05 06:39:12.530] Timestamp Event: [Tue Dec 05 06:39:12 2023]
WRITER_1_*_1> WRT_8229 [2023-12-05 06:39:12.530] Database errors occurred: 
FnName: Execute -- [MySQL][ODBC 8.0(w) Driver][mysqld-8.2.0]Duplicate entry '76' for key 'Cars.PRIMARY'
WRITER_1_*_1> CMN_1761 [2023-12-05 06:39:12.530] Timestamp Event: [Tue Dec 05 06:39:12 2023]
WRITER_1_*_1> WRT_8425 [2023-12-05 06:39:12.530] ERROR: Writer execution failed.
WRITER_1_*_1> CMN_1761 [2023-12-05 06:39:12.530] Timestamp Event: [Tue Dec 05 06:39:12 2023]
WRITER_1_*_1> WRT_8114 [2023-12-05 06:39:12.530] 
Row # [15] in bad file

WRITER_1_*_1> CMN_1053 [2023-12-05 06:39:12.530] : Rowdata: ( RowType=0(insert) Src Rowid=15 Targ Rowid=15
  Car_ID (Car_ID:Int:): "76"
  Car_Name (Car_Name:UniChar.255:): "Renault"
  Car_Country (Car_Country:UniChar.100:): "Somalia"
  Car_Price (Car_Price:BigInt:): "68468488"
)

WRITER_1_*_1> CMN_1761 [2023-12-05 06:39:12.825] Timestamp Event: [Tue Dec 05 06:39:12 2023]
WRITER_1_*_1> WRT_8229 [2023-12-05 06:39:12.826] Database errors occurred: 
FnName: Execute -- [MySQL][ODBC 8.0(w) Driver][mysqld-8.2.0]Duplicate entry '68' for key 'Cars.PRIMARY'
WRITER_1_*_1> CMN_1761 [2023-12-05 06:39:12.826] Timestamp Event: [Tue Dec 05 06:39:12 2023]
WRITER_1_*_1> WRT_8425 [2023-12-05 06:39:12.826] ERROR: Writer execution failed.
WRITER_1_*_1> CMN_1761 [2023-12-05 06:39:12.826] Timestamp Event: [Tue Dec 05 06:39:12 2023]
WRITER_1_*_1> WRT_8114 [2023-12-05 06:39:12.826] 
Row # [16] in bad file

WRITER_1_*_1> CMN_1053 [2023-12-05 06:39:12.826] : Rowdata: ( RowType=0(insert) Src Rowid=16 Targ Rowid=16
  Car_ID (Car_ID:Int:): "68"
  Car_Name (Car_Name:UniChar.255:): "Skoda"
  Car_Country (Car_Country:UniChar.100:): "Croatia"
  Car_Price (Car_Price:BigInt:): "84728720"
)

WRITER_1_*_1> CMN_1761 [2023-12-05 06:39:13.121] Timestamp Event: [Tue Dec 05 06:39:13 2023]
WRITER_1_*_1> WRT_8229 [2023-12-05 06:39:13.121] Database errors occurred: 
FnName: Execute -- [MySQL][ODBC 8.0(w) Driver][mysqld-8.2.0]Duplicate entry '94' for key 'Cars.PRIMARY'
WRITER_1_*_1> CMN_1761 [2023-12-05 06:39:13.121] Timestamp Event: [Tue Dec 05 06:39:13 2023]
WRITER_1_*_1> WRT_8425 [2023-12-05 06:39:13.121] ERROR: Writer execution failed.
WRITER_1_*_1> CMN_1761 [2023-12-05 06:39:13.121] Timestamp Event: [Tue Dec 05 06:39:13 2023]
WRITER_1_*_1> WRT_8114 [2023-12-05 06:39:13.121] 
Row # [17] in bad file

WRITER_1_*_1> CMN_1053 [2023-12-05 06:39:13.121] : Rowdata: ( RowType=0(insert) Src Rowid=17 Targ Rowid=17
  Car_ID (Car_ID:Int:): "94"
  Car_Name (Car_Name:UniChar.255:): "Suzuki"
  Car_Country (Car_Country:UniChar.100:): "San Marino"
  Car_Price (Car_Price:BigInt:): "21594843"
)

WRITER_1_*_1> CMN_1761 [2023-12-05 06:39:13.416] Timestamp Event: [Tue Dec 05 06:39:13 2023]
WRITER_1_*_1> WRT_8229 [2023-12-05 06:39:13.416] Database errors occurred: 
FnName: Execute -- [MySQL][ODBC 8.0(w) Driver][mysqld-8.2.0]Duplicate entry '93' for key 'Cars.PRIMARY'
WRITER_1_*_1> CMN_1761 [2023-12-05 06:39:13.416] Timestamp Event: [Tue Dec 05 06:39:13 2023]
WRITER_1_*_1> WRT_8425 [2023-12-05 06:39:13.416] ERROR: Writer execution failed.
WRITER_1_*_1> CMN_1761 [2023-12-05 06:39:13.416] Timestamp Event: [Tue Dec 05 06:39:13 2023]
WRITER_1_*_1> WRT_8114 [2023-12-05 06:39:13.416] 
Row # [18] in bad file

WRITER_1_*_1> CMN_1053 [2023-12-05 06:39:13.416] : Rowdata: ( RowType=0(insert) Src Rowid=18 Targ Rowid=18
  Car_ID (Car_ID:Int:): "93"
  Car_Name (Car_Name:UniChar.255:): "Tata Motors"
  Car_Country (Car_Country:UniChar.100:): "Saudi Arabia"
  Car_Price (Car_Price:BigInt:): "22975262"
)

WRITER_1_*_1> CMN_1761 [2023-12-05 06:39:13.711] Timestamp Event: [Tue Dec 05 06:39:13 2023]
WRITER_1_*_1> WRT_8229 [2023-12-05 06:39:13.711] Database errors occurred: 
FnName: Execute -- [MySQL][ODBC 8.0(w) Driver][mysqld-8.2.0]Duplicate entry '100' for key 'Cars.PRIMARY'
WRITER_1_*_1> CMN_1761 [2023-12-05 06:39:13.711] Timestamp Event: [Tue Dec 05 06:39:13 2023]
WRITER_1_*_1> WRT_8425 [2023-12-05 06:39:13.711] ERROR: Writer execution failed.
WRITER_1_*_1> CMN_1761 [2023-12-05 06:39:13.711] Timestamp Event: [Tue Dec 05 06:39:13 2023]
WRITER_1_*_1> WRT_8114 [2023-12-05 06:39:13.711] 
Row # [19] in bad file

WRITER_1_*_1> CMN_1053 [2023-12-05 06:39:13.711] : Rowdata: ( RowType=0(insert) Src Rowid=19 Targ Rowid=19
  Car_ID (Car_ID:Int:): "100"
  Car_Name (Car_Name:UniChar.255:): "Toyota"
  Car_Country (Car_Country:UniChar.100:): "Portugal"
  Car_Price (Car_Price:BigInt:): "2665590"
)

WRITER_1_*_1> CMN_1761 [2023-12-05 06:39:14.006] Timestamp Event: [Tue Dec 05 06:39:14 2023]
WRITER_1_*_1> WRT_8229 [2023-12-05 06:39:14.006] Database errors occurred: 
FnName: Execute -- [MySQL][ODBC 8.0(w) Driver][mysqld-8.2.0]Duplicate entry '92' for key 'Cars.PRIMARY'
WRITER_1_*_1> CMN_1761 [2023-12-05 06:39:14.006] Timestamp Event: [Tue Dec 05 06:39:14 2023]
WRITER_1_*_1> WRT_8425 [2023-12-05 06:39:14.006] ERROR: Writer execution failed.
WRITER_1_*_1> CMN_1761 [2023-12-05 06:39:14.006] Timestamp Event: [Tue Dec 05 06:39:14 2023]
WRITER_1_*_1> WRT_8114 [2023-12-05 06:39:14.006] 
Row # [20] in bad file

WRITER_1_*_1> CMN_1053 [2023-12-05 06:39:14.006] : Rowdata: ( RowType=0(insert) Src Rowid=20 Targ Rowid=20
  Car_ID (Car_ID:Int:): "92"
  Car_Name (Car_Name:UniChar.255:): "Volkswagen"
  Car_Country (Car_Country:UniChar.100:): "Comoros"
  Car_Price (Car_Price:BigInt:): "56355986"
)

WRITER_1_*_1> WRT_8168 [2023-12-05 06:39:14.006] End loading table [Max_Car_Prices] at: Tue Dec 05 06:39:13 2023
WRITER_1_*_1> WRT_8141 [2023-12-05 06:39:14.524] 
Commit on end-of-data  Tue Dec 05 06:39:13 2023
===================================================

WRT_8036 Target: Max_Car_Prices (Instance Name: [Max_Car_Prices])
WRT_8038 Inserted rows - Requested: 20         Applied: 20         Rejected: 0          Affected: 20        

WRT_8036 Target: Cars (Instance Name: [Cars])
WRT_8038 Inserted rows - Requested: 20         Applied: 0          Rejected: 20         Affected: 0         

WRITER_1_*_1> WRT_8168 [2023-12-05 06:39:14.524] End loading table [Cars] at: Tue Dec 05 06:39:13 2023
WRITER_1_*_1> WRT_8035 [2023-12-05 06:39:14.525] Load complete time: Tue Dec 05 06:39:13 2023

LOAD SUMMARY
============

WRT_8036 Target: Max_Car_Prices (Instance Name: [Max_Car_Prices])
WRT_8038 Inserted rows - Requested: 20         Applied: 20         Rejected: 0          Affected: 20        

WRT_8036 Target: Cars (Instance Name: [Cars])
WRT_8038 Inserted rows - Requested: 20         Applied: 0          Rejected: 20         Affected: 0         


WRITER_1_*_1> WRT_8043 [2023-12-05 06:39:14.525] *****END LOAD SESSION*****
WRITER_1_*_1> WRT_8006 [2023-12-05 06:39:14.825] Writer run completed.
MANAGER> PETL_24031 [2023-12-05 06:39:14.825] 
***** RUN INFO FOR TGT LOAD ORDER GROUP [1], CONCURRENT SET [1] *****
Thread [READER_1_1_1] created for [the read stage] of partition point [Source] has completed.
	Total Run Time = [0.619961] secs
	Total Idle Time = [0.000000] secs
	Busy Percentage = [100.000000]
Thread [TRANSF_1_1_1] created for [the transformation stage] of partition point [Source] has completed. The total run time was insufficient for any meaningful statistics.
Thread [WRITER_1_*_1] created for [the write stage] of partition point [Max_Car_Prices, Cars] has completed.
	Total Run Time = [14.028156] secs
	Total Idle Time = [0.000000] secs
	Busy Percentage = [100.000000]

MAPPING> CMN_1791 [2023-12-05 06:39:14.826] The index cache size that would hold [20] aggregate groups of input rows for [Aggregator], in memory, is [52736] bytes
MAPPING> CMN_1790 [2023-12-05 06:39:14.826] The data cache size that would hold [20] aggregate groups of input rows for [Aggregator], in memory, is [5096] bytes
MAPPING> CMN_1791 [2023-12-05 06:39:14.826] The index cache size that would hold [20] aggregate groups of input rows for [Aggregator1], in memory, is [52736] bytes
MAPPING> CMN_1790 [2023-12-05 06:39:14.826] The data cache size that would hold [20] aggregate groups of input rows for [Aggregator1], in memory, is [5096] bytes
MANAGER> PETL_24005 [2023-12-05 06:39:14.826] Starting post-session tasks. : (Tue Dec 05 06:39:14 2023)
POST-SESS> PETL_24091 [2023-12-05 06:39:14.826] Thread [POST-SESS] has the ID [8].
MANAGER> PETL_24029 [2023-12-05 06:39:14.829] Post-session task completed successfully. : (Tue Dec 05 06:39:14 2023)
MAPPING> TM_6018 [2023-12-05 06:39:14.829] The session completed with [0] row transformation errors. 
MANAGER> TE_7216 [2023-12-05 06:39:14.829] Deleting cache files [/data2/home/cldagnt/SystemAgent/apps/Data_Integration_Server/data/012D7U0E0000000000GP/012D7U/cache/PMAGG-13574514_5_0.idx] for transformation [Aggregator].
MANAGER> TE_7216 [2023-12-05 06:39:14.829] Deleting cache files [/data2/home/cldagnt/SystemAgent/apps/Data_Integration_Server/data/012D7U0E0000000000GP/012D7U/cache/PMAGG-13574514_5_0.dat] for transformation [Aggregator].
MANAGER> TE_7216 [2023-12-05 06:39:14.830] Deleting cache files [/data2/home/cldagnt/SystemAgent/apps/Data_Integration_Server/data/012D7U0E0000000000GP/012D7U/cache/PMAGG-13574514_6_0.idx] for transformation [Aggregator1].
MANAGER> TE_7216 [2023-12-05 06:39:14.830] Deleting cache files [/data2/home/cldagnt/SystemAgent/apps/Data_Integration_Server/data/012D7U0E0000000000GP/012D7U/cache/PMAGG-13574514_6_0.dat] for transformation [Aggregator1].
MANAGER> PETL_24002 [2023-12-05 06:39:15.660] Parallel Pipeline Engine finished.
DIRECTOR> PETL_24012 [2023-12-05 06:39:15.660] Session run completed successfully.
DIRECTOR> TM_6022 [2023-12-05 06:39:15.660] 

SESSION LOAD SUMMARY
================================================

DIRECTOR> TM_6252 [2023-12-05 06:39:15.660] Source Load Summary.
DIRECTOR> CMN_1740 [2023-12-05 06:39:15.660] Table: [Source] (Instance Name: [Source] Instance UI Name: [Source])
	 Output Rows [100], Affected Rows [100], Applied Rows [100], Rejected Rows [0]
DIRECTOR> TM_6253 [2023-12-05 06:39:15.660] Target Load Summary.
DIRECTOR> CMN_1740 [2023-12-05 06:39:15.660] Table: [Max_Car_Prices] (Instance Name: [Max_Car_Prices] Instance UI Name: [Target])
	 Output Rows [20], Affected Rows [20], Applied Rows [20], Rejected Rows [0]
DIRECTOR> CMN_1740 [2023-12-05 06:39:15.660] Table: [Cars] (Instance Name: [Cars] Instance UI Name: [Target1])
	 Output Rows [0], Affected Rows [0], Applied Rows [0], Rejected Rows [20]
DIRECTOR> TM_6023 [2023-12-05 06:39:15.660] 
===================================================

DIRECTOR> TM_6020 [2023-12-05 06:39:15.660] Session [s_mtt_012D7U0Z000000000003] completed at [Tue Dec 05 06:39:15 2023].
